<?xml version="1.0" encoding="UTF-8"?>
<!-- Generated by org.testng.reporters.JUnitReportReporter -->
<testsuite hostname="Ravis-MacBook-Air.local" failures="0" tests="5" name="testCases.TC_003_LoginDataDrivenTest" time="82.819" errors="0" timestamp="2023-02-01T18:58:36 IST" skipped="0">
  <testcase classname="testCases.TC_003_LoginDataDrivenTest" name="LoginDDTest" time="19.574"/>
  <system-out/>
  <testcase classname="testCases.TC_003_LoginDataDrivenTest" name="LoginDDTest" time="15.804"/>
  <system-out/>
  <testcase classname="testCases.TC_003_LoginDataDrivenTest" name="LoginDDTest" time="15.747"/>
  <system-out/>
  <testcase classname="testCases.TC_003_LoginDataDrivenTest" name="LoginDDTest" time="15.940"/>
  <system-out/>
  <testcase classname="testCases.TC_003_LoginDataDrivenTest" name="LoginDDTest" time="15.754"/>
  <system-out/>
</testsuite> <!-- testCases.TC_003_LoginDataDrivenTest -->
