<?xml version="1.0" encoding="UTF-8"?>
<!-- Generated by org.testng.reporters.JUnitReportReporter -->
<testsuite hostname="Ravis-MacBook-Air.local" failures="0" tests="5" name="testCases.TC_003_LoginDataDrivenTest" time="84.639" errors="0" timestamp="2023-02-02T21:37:03 IST" skipped="0">
  <testcase classname="testCases.TC_003_LoginDataDrivenTest" name="LoginDDTest" time="15.660"/>
  <system-out/>
  <testcase classname="testCases.TC_003_LoginDataDrivenTest" name="LoginDDTest" time="21.365"/>
  <system-out/>
  <testcase classname="testCases.TC_003_LoginDataDrivenTest" name="LoginDDTest" time="15.755"/>
  <system-out/>
  <testcase classname="testCases.TC_003_LoginDataDrivenTest" name="LoginDDTest" time="15.853"/>
  <system-out/>
  <testcase classname="testCases.TC_003_LoginDataDrivenTest" name="LoginDDTest" time="16.006"/>
  <system-out/>
</testsuite> <!-- testCases.TC_003_LoginDataDrivenTest -->
